2026-03-19 20:07:08 [CLIENT] [INFO] Setting user: Player918
2026-03-19 20:07:08 [CLIENT] [INFO] LWJGL Version: 2.9.0
2026-03-19 20:07:09 [CLIENT] [INFO] Found animation info for: textures/blocks/lava_flow.txt
2026-03-19 20:07:09 [CLIENT] [INFO] Found animation info for: textures/blocks/water_flow.txt
2026-03-19 20:07:09 [CLIENT] [INFO] Found animation info for: textures/blocks/fire_0.txt
2026-03-19 20:07:09 [CLIENT] [INFO] Found animation info for: textures/blocks/fire_1.txt
2026-03-19 20:07:09 [CLIENT] [INFO] Found animation info for: textures/blocks/lava.txt
2026-03-19 20:07:09 [CLIENT] [INFO] Found animation info for: textures/blocks/portal.txt
2026-03-19 20:07:09 [CLIENT] [INFO] Found animation info for: textures/blocks/water.txt
2026-03-19 20:07:09 [CLIENT] [INFO] Found animation info for: textures/items/clock.txt
2026-03-19 20:07:09 [CLIENT] [INFO] Found animation info for: textures/items/compass.txt
2026-03-19 20:07:09 [CLIENT] [INFO] Found animation info for: textures/blocks/lava_flow.txt
2026-03-19 20:07:09 [CLIENT] [INFO] Found animation info for: textures/blocks/water_flow.txt
2026-03-19 20:07:09 [CLIENT] [INFO] Found animation info for: textures/blocks/fire_0.txt
2026-03-19 20:07:09 [CLIENT] [INFO] Found animation info for: textures/blocks/fire_1.txt
2026-03-19 20:07:09 [CLIENT] [INFO] Found animation info for: textures/blocks/lava.txt
2026-03-19 20:07:09 [CLIENT] [INFO] Found animation info for: textures/blocks/portal.txt
2026-03-19 20:07:09 [CLIENT] [INFO] Found animation info for: textures/blocks/water.txt
2026-03-19 20:07:09 [CLIENT] [INFO] Found animation info for: textures/items/clock.txt
2026-03-19 20:07:09 [CLIENT] [INFO] Found animation info for: textures/items/compass.txt
2026-03-19 20:07:09 [CLIENT] [WARNING] Failed to add READ_ME_I_AM_VERY_IMPORTANT in resources
2026-03-19 20:07:09 [CLIENT] [WARNING] Failed to add pack.mcmeta in resources
2026-03-19 20:07:59 [CLIENT] [INFO] Stopping!
2026-03-19 20:10:27 [CLIENT] [INFO] Setting user: Player468
2026-03-19 20:10:27 [CLIENT] [INFO] LWJGL Version: 2.9.0
2026-03-19 20:10:28 [CLIENT] [INFO] Found animation info for: textures/blocks/lava_flow.txt
2026-03-19 20:10:28 [CLIENT] [INFO] Found animation info for: textures/blocks/water_flow.txt
2026-03-19 20:10:28 [CLIENT] [INFO] Found animation info for: textures/blocks/fire_0.txt
2026-03-19 20:10:28 [CLIENT] [INFO] Found animation info for: textures/blocks/fire_1.txt
2026-03-19 20:10:28 [CLIENT] [INFO] Found animation info for: textures/blocks/lava.txt
2026-03-19 20:10:28 [CLIENT] [INFO] Found animation info for: textures/blocks/portal.txt
2026-03-19 20:10:28 [CLIENT] [INFO] Found animation info for: textures/blocks/water.txt
2026-03-19 20:10:28 [CLIENT] [INFO] Found animation info for: textures/items/clock.txt
2026-03-19 20:10:28 [CLIENT] [INFO] Found animation info for: textures/items/compass.txt
2026-03-19 20:10:28 [CLIENT] [INFO] Found animation info for: textures/blocks/lava_flow.txt
2026-03-19 20:10:28 [CLIENT] [INFO] Found animation info for: textures/blocks/water_flow.txt
2026-03-19 20:10:28 [CLIENT] [INFO] Found animation info for: textures/blocks/fire_0.txt
2026-03-19 20:10:28 [CLIENT] [INFO] Found animation info for: textures/blocks/fire_1.txt
2026-03-19 20:10:28 [CLIENT] [INFO] Found animation info for: textures/blocks/lava.txt
2026-03-19 20:10:28 [CLIENT] [INFO] Found animation info for: textures/blocks/portal.txt
2026-03-19 20:10:28 [CLIENT] [INFO] Found animation info for: textures/blocks/water.txt
2026-03-19 20:10:28 [CLIENT] [INFO] Found animation info for: textures/items/clock.txt
2026-03-19 20:10:28 [CLIENT] [INFO] Found animation info for: textures/items/compass.txt
2026-03-19 20:10:28 [CLIENT] [WARNING] Failed to add READ_ME_I_AM_VERY_IMPORTANT in resources
2026-03-19 20:10:28 [CLIENT] [WARNING] Failed to add pack.mcmeta in resources
