2026-03-19 20:07:14 [SERVER] [INFO] Starting integrated minecraft server version 1.5.2
2026-03-19 20:07:14 [SERVER] [INFO] Generating keypair
2026-03-19 20:07:14 [SERVER] [INFO] Converting map!
2026-03-19 20:07:14 [SERVER] [INFO] Scanning folders...
2026-03-19 20:07:14 [SERVER] [INFO] Total conversion count is 0
2026-03-19 20:07:14 [SERVER] [INFO] Preparing start region for level 0
2026-03-19 20:07:15 [SERVER] [INFO] Preparing spawn area: 46%
2026-03-19 20:07:16 [SERVER] [INFO] Preparing spawn area: 96%
2026-03-19 20:07:17 [SERVER] [INFO] Player918[/127.0.0.1:0] logged in with entity id 256 at (266.5, 70.0, 234.5)
2026-03-19 20:07:19 [SERVER] [INFO] Saving and pausing game...
2026-03-19 20:07:19 [SERVER] [INFO] Saving chunks for level 'New World'/Overworld
2026-03-19 20:07:19 [SERVER] [INFO] Saving chunks for level 'New World'/Nether
2026-03-19 20:07:19 [SERVER] [INFO] Saving chunks for level 'New World'/The End
2026-03-19 20:07:57 [SERVER] [INFO] Saving and pausing game...
2026-03-19 20:07:57 [SERVER] [INFO] Saving chunks for level 'New World'/Overworld
2026-03-19 20:07:57 [SERVER] [INFO] Saving chunks for level 'New World'/Nether
2026-03-19 20:07:57 [SERVER] [INFO] Saving chunks for level 'New World'/The End
2026-03-19 20:07:58 [SERVER] [INFO] Stopping server
2026-03-19 20:07:58 [SERVER] [INFO] Saving players
2026-03-19 20:07:58 [SERVER] [INFO] Saving worlds
2026-03-19 20:07:58 [SERVER] [INFO] Saving chunks for level 'New World'/Overworld
2026-03-19 20:07:58 [SERVER] [INFO] Saving chunks for level 'New World'/Nether
2026-03-19 20:07:58 [SERVER] [INFO] Saving chunks for level 'New World'/The End
2026-03-19 20:10:31 [SERVER] [INFO] Starting integrated minecraft server version 1.5.2
2026-03-19 20:10:31 [SERVER] [INFO] Generating keypair
2026-03-19 20:10:31 [SERVER] [INFO] Preparing start region for level 0
2026-03-19 20:10:31 [SERVER] [INFO] Player468[/127.0.0.1:0] logged in with entity id 538 at (269.18555352804424, 64.0, 209.25422588277877)
2026-03-19 20:10:32 [SERVER] [INFO] Saving and pausing game...
2026-03-19 20:10:32 [SERVER] [INFO] Saving chunks for level 'New World'/Overworld
2026-03-19 20:10:32 [SERVER] [INFO] Saving chunks for level 'New World'/Nether
2026-03-19 20:10:32 [SERVER] [INFO] Saving chunks for level 'New World'/The End
2026-03-19 20:10:52 [SERVER] [INFO] Stopping server
2026-03-19 20:10:52 [SERVER] [INFO] Saving players
2026-03-19 20:10:52 [SERVER] [INFO] Saving worlds
2026-03-19 20:10:52 [SERVER] [INFO] Saving chunks for level 'New World'/Overworld
2026-03-19 20:10:52 [SERVER] [INFO] Saving chunks for level 'New World'/Nether
2026-03-19 20:10:52 [SERVER] [INFO] Saving chunks for level 'New World'/The End
